2017/05/02 15:25:03 [error] [exception.CException] exception 'CException' with message 'Property "User.username" is not defined.' in /var/www/html/yiidemo/framework/base/CComponent.php:130
Stack trace:
#0 /var/www/html/yiidemo/framework/db/ar/CActiveRecord.php(145): CComponent->__get('username')
#1 /var/www/html/yiidemo/framework/web/helpers/CHtml.php(2729): CActiveRecord->__get('username')
#2 /var/www/html/yiidemo/framework/web/helpers/CHtml.php(2452): CHtml::resolveValue(Object(User), 'username')
#3 /var/www/html/yiidemo/framework/web/helpers/CHtml.php(1534): CHtml::activeInputField('text', Object(User), 'username', Array)
#4 /var/www/html/yiidemo/framework/web/widgets/CActiveForm.php(792): CHtml::activeTextField(Object(User), 'username', Array)
#5 /var/www/html/yiidemo/protected/views/site/login.php(29): CActiveForm->textField(Object(User), 'username')
#6 /var/www/html/yiidemo/framework/web/CBaseController.php(126): require('/var/www/html/y...')
#7 /var/www/html/yiidemo/framework/web/CBaseController.php(95): CBaseController->renderInternal('/var/www/html/y...', Array, true)
#8 /var/www/html/yiidemo/framework/web/CController.php(869): CBaseController->renderFile('/var/www/html/y...', Array, true)
#9 /var/www/html/yiidemo/framework/web/CController.php(782): CController->renderPartial('login', Array, true)
#10 /var/www/html/yiidemo/protected/controllers/SiteController.php(99): CController->render('login', Array)
#11 /var/www/html/yiidemo/framework/web/actions/CInlineAction.php(49): SiteController->actionLogin()
#12 /var/www/html/yiidemo/framework/web/CController.php(308): CInlineAction->runWithParams(Array)
#13 /var/www/html/yiidemo/framework/web/CController.php(286): CController->runAction(Object(CInlineAction))
#14 /var/www/html/yiidemo/framework/web/CController.php(265): CController->runActionWithFilters(Object(CInlineAction), Array)
#15 /var/www/html/yiidemo/framework/web/CWebApplication.php(282): CController->run('login')
#16 /var/www/html/yiidemo/framework/web/CWebApplication.php(141): CWebApplication->runController('site/login')
#17 /var/www/html/yiidemo/framework/base/CApplication.php(185): CWebApplication->processRequest()
#18 /var/www/html/yiidemo/index.php(13): CApplication->run()
#19 {main}
REQUEST_URI=/yiidemo/index.php/site/login
---
2017/05/02 16:04:09 [error] [php] Object of class CDbConnection could not be converted to string (/var/www/html/yiidemo/protected/controllers/SiteController.php:81)
Stack trace:
#0 /var/www/html/yiidemo/framework/web/CController.php(286): SiteController->runAction()
#1 /var/www/html/yiidemo/framework/web/CController.php(265): SiteController->runActionWithFilters()
#2 /var/www/html/yiidemo/framework/web/CWebApplication.php(282): SiteController->run()
#3 /var/www/html/yiidemo/framework/web/CWebApplication.php(141): CWebApplication->runController()
#4 /var/www/html/yiidemo/framework/base/CApplication.php(185): CWebApplication->processRequest()
#5 /var/www/html/yiidemo/index.php(13): CWebApplication->run()
REQUEST_URI=/yiidemo/index.php/site/login
in /var/www/html/yiidemo/protected/controllers/SiteController.php (81)
in /var/www/html/yiidemo/index.php (13)
2017/05/02 16:19:01 [error] [exception.CException] exception 'CException' with message 'Property "LoginForm.username" is not defined.' in /var/www/html/yiidemo/framework/base/CComponent.php:130
Stack trace:
#0 /var/www/html/yiidemo/framework/web/helpers/CHtml.php(2729): CComponent->__get('username')
#1 /var/www/html/yiidemo/framework/web/helpers/CHtml.php(2452): CHtml::resolveValue(Object(LoginForm), 'username')
#2 /var/www/html/yiidemo/framework/web/helpers/CHtml.php(1534): CHtml::activeInputField('text', Object(LoginForm), 'username', Array)
#3 /var/www/html/yiidemo/framework/web/widgets/CActiveForm.php(792): CHtml::activeTextField(Object(LoginForm), 'username', Array)
#4 /var/www/html/yiidemo/protected/views/site/login.php(29): CActiveForm->textField(Object(LoginForm), 'username')
#5 /var/www/html/yiidemo/framework/web/CBaseController.php(126): require('/var/www/html/y...')
#6 /var/www/html/yiidemo/framework/web/CBaseController.php(95): CBaseController->renderInternal('/var/www/html/y...', Array, true)
#7 /var/www/html/yiidemo/framework/web/CController.php(869): CBaseController->renderFile('/var/www/html/y...', Array, true)
#8 /var/www/html/yiidemo/framework/web/CController.php(782): CController->renderPartial('login', Array, true)
#9 /var/www/html/yiidemo/protected/controllers/SiteController.php(101): CController->render('login', Array)
#10 /var/www/html/yiidemo/framework/web/actions/CInlineAction.php(49): SiteController->actionLogin()
#11 /var/www/html/yiidemo/framework/web/CController.php(308): CInlineAction->runWithParams(Array)
#12 /var/www/html/yiidemo/framework/web/CController.php(286): CController->runAction(Object(CInlineAction))
#13 /var/www/html/yiidemo/framework/web/CController.php(265): CController->runActionWithFilters(Object(CInlineAction), Array)
#14 /var/www/html/yiidemo/framework/web/CWebApplication.php(282): CController->run('login')
#15 /var/www/html/yiidemo/framework/web/CWebApplication.php(141): CWebApplication->runController('site/login')
#16 /var/www/html/yiidemo/framework/base/CApplication.php(185): CWebApplication->processRequest()
#17 /var/www/html/yiidemo/index.php(13): CApplication->run()
#18 {main}
REQUEST_URI=/yiidemo/index.php/site/login
HTTP_REFERER=http://localhost/yiidemo/index.php
---
2017/05/02 16:38:23 [error] [exception.CException] exception 'CException' with message 'Property "User.role" is not defined.' in /var/www/html/yiidemo/framework/base/CComponent.php:130
Stack trace:
#0 /var/www/html/yiidemo/framework/db/ar/CActiveRecord.php(145): CComponent->__get('role')
#1 /var/www/html/yiidemo/protected/components/UserIdentity.php(48): CActiveRecord->__get('role')
#2 /var/www/html/yiidemo/protected/models/LoginForm.php(54): UserIdentity->authenticate()
#3 /var/www/html/yiidemo/framework/validators/CInlineValidator.php(42): LoginForm->authenticate('password', Array)
#4 /var/www/html/yiidemo/framework/validators/CValidator.php(201): CInlineValidator->validateAttribute(Object(LoginForm), 'password')
#5 /var/www/html/yiidemo/framework/base/CModel.php(159): CValidator->validate(Object(LoginForm), NULL)
#6 /var/www/html/yiidemo/protected/controllers/SiteController.php(96): CModel->validate()
#7 /var/www/html/yiidemo/framework/web/actions/CInlineAction.php(49): SiteController->actionLogin()
#8 /var/www/html/yiidemo/framework/web/CController.php(308): CInlineAction->runWithParams(Array)
#9 /var/www/html/yiidemo/framework/web/CController.php(286): CController->runAction(Object(CInlineAction))
#10 /var/www/html/yiidemo/framework/web/CController.php(265): CController->runActionWithFilters(Object(CInlineAction), Array)
#11 /var/www/html/yiidemo/framework/web/CWebApplication.php(282): CController->run('login')
#12 /var/www/html/yiidemo/framework/web/CWebApplication.php(141): CWebApplication->runController('site/login')
#13 /var/www/html/yiidemo/framework/base/CApplication.php(185): CWebApplication->processRequest()
#14 /var/www/html/yiidemo/index.php(13): CApplication->run()
#15 {main}
REQUEST_URI=/yiidemo/index.php/site/login
HTTP_REFERER=http://localhost/yiidemo/index.php/site/login
---
2017/05/02 16:39:26 [error] [exception.CException] exception 'CException' with message 'Property "LoginForm._identity" is not defined.' in /var/www/html/yiidemo/framework/base/CComponent.php:130
Stack trace:
#0 /var/www/html/yiidemo/protected/models/LoginForm.php(78): CComponent->__get('_identity')
#1 /var/www/html/yiidemo/protected/controllers/SiteController.php(96): LoginForm->login()
#2 /var/www/html/yiidemo/framework/web/actions/CInlineAction.php(49): SiteController->actionLogin()
#3 /var/www/html/yiidemo/framework/web/CController.php(308): CInlineAction->runWithParams(Array)
#4 /var/www/html/yiidemo/framework/web/CController.php(286): CController->runAction(Object(CInlineAction))
#5 /var/www/html/yiidemo/framework/web/CController.php(265): CController->runActionWithFilters(Object(CInlineAction), Array)
#6 /var/www/html/yiidemo/framework/web/CWebApplication.php(282): CController->run('login')
#7 /var/www/html/yiidemo/framework/web/CWebApplication.php(141): CWebApplication->runController('site/login')
#8 /var/www/html/yiidemo/framework/base/CApplication.php(185): CWebApplication->processRequest()
#9 /var/www/html/yiidemo/index.php(13): CApplication->run()
#10 {main}
REQUEST_URI=/yiidemo/index.php/site/login
HTTP_REFERER=http://localhost/yiidemo/index.php/site/login
---
2017/05/02 16:41:42 [error] [exception.CException] exception 'CException' with message 'LoginForm and its behaviors do not have a method or closure named "login".' in /var/www/html/yiidemo/framework/base/CComponent.php:266
Stack trace:
#0 /var/www/html/yiidemo/protected/controllers/SiteController.php(96): CComponent->__call('login', Array)
#1 /var/www/html/yiidemo/protected/controllers/SiteController.php(96): LoginForm->login()
#2 /var/www/html/yiidemo/framework/web/actions/CInlineAction.php(49): SiteController->actionLogin()
#3 /var/www/html/yiidemo/framework/web/CController.php(308): CInlineAction->runWithParams(Array)
#4 /var/www/html/yiidemo/framework/web/CController.php(286): CController->runAction(Object(CInlineAction))
#5 /var/www/html/yiidemo/framework/web/CController.php(265): CController->runActionWithFilters(Object(CInlineAction), Array)
#6 /var/www/html/yiidemo/framework/web/CWebApplication.php(282): CController->run('login')
#7 /var/www/html/yiidemo/framework/web/CWebApplication.php(141): CWebApplication->runController('site/login')
#8 /var/www/html/yiidemo/framework/base/CApplication.php(185): CWebApplication->processRequest()
#9 /var/www/html/yiidemo/index.php(13): CApplication->run()
#10 {main}
REQUEST_URI=/yiidemo/index.php/site/login
HTTP_REFERER=http://localhost/yiidemo/index.php/site/login
---
2017/05/02 16:42:06 [error] [exception.CException] exception 'CException' with message 'Property "LoginForm._identity" is not defined.' in /var/www/html/yiidemo/framework/base/CComponent.php:130
Stack trace:
#0 /var/www/html/yiidemo/protected/models/LoginForm.php(78): CComponent->__get('_identity')
#1 /var/www/html/yiidemo/protected/controllers/SiteController.php(96): LoginForm->login()
#2 /var/www/html/yiidemo/framework/web/actions/CInlineAction.php(49): SiteController->actionLogin()
#3 /var/www/html/yiidemo/framework/web/CController.php(308): CInlineAction->runWithParams(Array)
#4 /var/www/html/yiidemo/framework/web/CController.php(286): CController->runAction(Object(CInlineAction))
#5 /var/www/html/yiidemo/framework/web/CController.php(265): CController->runActionWithFilters(Object(CInlineAction), Array)
#6 /var/www/html/yiidemo/framework/web/CWebApplication.php(282): CController->run('login')
#7 /var/www/html/yiidemo/framework/web/CWebApplication.php(141): CWebApplication->runController('site/login')
#8 /var/www/html/yiidemo/framework/base/CApplication.php(185): CWebApplication->processRequest()
#9 /var/www/html/yiidemo/index.php(13): CApplication->run()
#10 {main}
REQUEST_URI=/yiidemo/index.php/site/login
HTTP_REFERER=http://localhost/yiidemo/index.php/site/login
---
2017/05/02 16:45:42 [error] [exception.CException] exception 'CException' with message 'Property "LoginForm._identity" is not defined.' in /var/www/html/yiidemo/framework/base/CComponent.php:130
Stack trace:
#0 /var/www/html/yiidemo/protected/models/LoginForm.php(78): CComponent->__get('_identity')
#1 /var/www/html/yiidemo/protected/controllers/SiteController.php(96): LoginForm->login()
#2 /var/www/html/yiidemo/framework/web/actions/CInlineAction.php(49): SiteController->actionLogin()
#3 /var/www/html/yiidemo/framework/web/CController.php(308): CInlineAction->runWithParams(Array)
#4 /var/www/html/yiidemo/framework/web/CController.php(286): CController->runAction(Object(CInlineAction))
#5 /var/www/html/yiidemo/framework/web/CController.php(265): CController->runActionWithFilters(Object(CInlineAction), Array)
#6 /var/www/html/yiidemo/framework/web/CWebApplication.php(282): CController->run('login')
#7 /var/www/html/yiidemo/framework/web/CWebApplication.php(141): CWebApplication->runController('site/login')
#8 /var/www/html/yiidemo/framework/base/CApplication.php(185): CWebApplication->processRequest()
#9 /var/www/html/yiidemo/index.php(13): CApplication->run()
#10 {main}
REQUEST_URI=/yiidemo/index.php/site/login
HTTP_REFERER=http://localhost/yiidemo/index.php/site/login
---
2017/05/02 16:46:20 [error] [exception.CException] exception 'CException' with message 'Property "User.role" is not defined.' in /var/www/html/yiidemo/framework/base/CComponent.php:130
Stack trace:
#0 /var/www/html/yiidemo/framework/db/ar/CActiveRecord.php(145): CComponent->__get('role')
#1 /var/www/html/yiidemo/protected/components/UserIdentity.php(48): CActiveRecord->__get('role')
#2 /var/www/html/yiidemo/protected/models/LoginForm.php(54): UserIdentity->authenticate()
#3 /var/www/html/yiidemo/framework/validators/CInlineValidator.php(42): LoginForm->authenticate('password', Array)
#4 /var/www/html/yiidemo/framework/validators/CValidator.php(201): CInlineValidator->validateAttribute(Object(LoginForm), 'password')
#5 /var/www/html/yiidemo/framework/base/CModel.php(159): CValidator->validate(Object(LoginForm), NULL)
#6 /var/www/html/yiidemo/protected/controllers/SiteController.php(96): CModel->validate()
#7 /var/www/html/yiidemo/framework/web/actions/CInlineAction.php(49): SiteController->actionLogin()
#8 /var/www/html/yiidemo/framework/web/CController.php(308): CInlineAction->runWithParams(Array)
#9 /var/www/html/yiidemo/framework/web/CController.php(286): CController->runAction(Object(CInlineAction))
#10 /var/www/html/yiidemo/framework/web/CController.php(265): CController->runActionWithFilters(Object(CInlineAction), Array)
#11 /var/www/html/yiidemo/framework/web/CWebApplication.php(282): CController->run('login')
#12 /var/www/html/yiidemo/framework/web/CWebApplication.php(141): CWebApplication->runController('site/login')
#13 /var/www/html/yiidemo/framework/base/CApplication.php(185): CWebApplication->processRequest()
#14 /var/www/html/yiidemo/index.php(13): CApplication->run()
#15 {main}
REQUEST_URI=/yiidemo/index.php/site/login
HTTP_REFERER=http://localhost/yiidemo/index.php/site/login
---
2017/05/02 16:47:15 [error] [exception.CException] exception 'CException' with message 'Property "LoginForm._identity" is not defined.' in /var/www/html/yiidemo/framework/base/CComponent.php:130
Stack trace:
#0 /var/www/html/yiidemo/protected/models/LoginForm.php(78): CComponent->__get('_identity')
#1 /var/www/html/yiidemo/protected/controllers/SiteController.php(96): LoginForm->login()
#2 /var/www/html/yiidemo/framework/web/actions/CInlineAction.php(49): SiteController->actionLogin()
#3 /var/www/html/yiidemo/framework/web/CController.php(308): CInlineAction->runWithParams(Array)
#4 /var/www/html/yiidemo/framework/web/CController.php(286): CController->runAction(Object(CInlineAction))
#5 /var/www/html/yiidemo/framework/web/CController.php(265): CController->runActionWithFilters(Object(CInlineAction), Array)
#6 /var/www/html/yiidemo/framework/web/CWebApplication.php(282): CController->run('login')
#7 /var/www/html/yiidemo/framework/web/CWebApplication.php(141): CWebApplication->runController('site/login')
#8 /var/www/html/yiidemo/framework/base/CApplication.php(185): CWebApplication->processRequest()
#9 /var/www/html/yiidemo/index.php(13): CApplication->run()
#10 {main}
REQUEST_URI=/yiidemo/index.php/site/login
HTTP_REFERER=http://localhost/yiidemo/index.php/site/login
---
2017/05/02 16:48:21 [error] [exception.CException] exception 'CException' with message 'Property "LoginForm.username" is not defined.' in /var/www/html/yiidemo/framework/base/CComponent.php:130
Stack trace:
#0 /var/www/html/yiidemo/protected/models/LoginForm.php(80): CComponent->__get('username')
#1 /var/www/html/yiidemo/protected/controllers/SiteController.php(96): LoginForm->login()
#2 /var/www/html/yiidemo/framework/web/actions/CInlineAction.php(49): SiteController->actionLogin()
#3 /var/www/html/yiidemo/framework/web/CController.php(308): CInlineAction->runWithParams(Array)
#4 /var/www/html/yiidemo/framework/web/CController.php(286): CController->runAction(Object(CInlineAction))
#5 /var/www/html/yiidemo/framework/web/CController.php(265): CController->runActionWithFilters(Object(CInlineAction), Array)
#6 /var/www/html/yiidemo/framework/web/CWebApplication.php(282): CController->run('login')
#7 /var/www/html/yiidemo/framework/web/CWebApplication.php(141): CWebApplication->runController('site/login')
#8 /var/www/html/yiidemo/framework/base/CApplication.php(185): CWebApplication->processRequest()
#9 /var/www/html/yiidemo/index.php(13): CApplication->run()
#10 {main}
REQUEST_URI=/yiidemo/index.php/site/login
HTTP_REFERER=http://localhost/yiidemo/index.php/site/login
---
2017/05/02 16:48:59 [error] [exception.CException] exception 'CException' with message 'Property "LoginForm.rememberMe" is not defined.' in /var/www/html/yiidemo/framework/base/CComponent.php:130
Stack trace:
#0 /var/www/html/yiidemo/protected/models/LoginForm.php(85): CComponent->__get('rememberMe')
#1 /var/www/html/yiidemo/protected/controllers/SiteController.php(96): LoginForm->login()
#2 /var/www/html/yiidemo/framework/web/actions/CInlineAction.php(49): SiteController->actionLogin()
#3 /var/www/html/yiidemo/framework/web/CController.php(308): CInlineAction->runWithParams(Array)
#4 /var/www/html/yiidemo/framework/web/CController.php(286): CController->runAction(Object(CInlineAction))
#5 /var/www/html/yiidemo/framework/web/CController.php(265): CController->runActionWithFilters(Object(CInlineAction), Array)
#6 /var/www/html/yiidemo/framework/web/CWebApplication.php(282): CController->run('login')
#7 /var/www/html/yiidemo/framework/web/CWebApplication.php(141): CWebApplication->runController('site/login')
#8 /var/www/html/yiidemo/framework/base/CApplication.php(185): CWebApplication->processRequest()
#9 /var/www/html/yiidemo/index.php(13): CApplication->run()
#10 {main}
REQUEST_URI=/yiidemo/index.php/site/login
HTTP_REFERER=http://localhost/yiidemo/index.php/site/login
---
2017/05/02 16:49:21 [error] [php] Undefined variable: duration (/var/www/html/yiidemo/protected/models/LoginForm.php:86)
Stack trace:
#0 /var/www/html/yiidemo/framework/web/CController.php(308): CInlineAction->runWithParams()
#1 /var/www/html/yiidemo/framework/web/CController.php(286): SiteController->runAction()
#2 /var/www/html/yiidemo/framework/web/CController.php(265): SiteController->runActionWithFilters()
#3 /var/www/html/yiidemo/framework/web/CWebApplication.php(282): SiteController->run()
#4 /var/www/html/yiidemo/framework/web/CWebApplication.php(141): CWebApplication->runController()
#5 /var/www/html/yiidemo/framework/base/CApplication.php(185): CWebApplication->processRequest()
#6 /var/www/html/yiidemo/index.php(13): CWebApplication->run()
REQUEST_URI=/yiidemo/index.php/site/login
in /var/www/html/yiidemo/protected/models/LoginForm.php (86)
in /var/www/html/yiidemo/protected/controllers/SiteController.php (96)
in /var/www/html/yiidemo/index.php (13)
2017/05/02 17:03:34 [error] [php] Missing argument 1 for LoginForm::authenticate(), called in /var/www/html/yiidemo/protected/controllers/SiteController.php on line 96 and defined (/var/www/html/yiidemo/protected/models/LoginForm.php:49)
Stack trace:
#0 /var/www/html/yiidemo/framework/web/CController.php(308): CInlineAction->runWithParams()
#1 /var/www/html/yiidemo/framework/web/CController.php(286): SiteController->runAction()
#2 /var/www/html/yiidemo/framework/web/CController.php(265): SiteController->runActionWithFilters()
#3 /var/www/html/yiidemo/framework/web/CWebApplication.php(282): SiteController->run()
#4 /var/www/html/yiidemo/framework/web/CWebApplication.php(141): CWebApplication->runController()
#5 /var/www/html/yiidemo/framework/base/CApplication.php(185): CWebApplication->processRequest()
#6 /var/www/html/yiidemo/index.php(13): CWebApplication->run()
REQUEST_URI=/yiidemo/index.php/site/login
in /var/www/html/yiidemo/protected/models/LoginForm.php (49)
in /var/www/html/yiidemo/protected/controllers/SiteController.php (96)
in /var/www/html/yiidemo/index.php (13)
2017/05/02 17:08:18 [error] [exception.CException] exception 'CException' with message 'Property "LoginForm.identity" is not defined.' in /var/www/html/yiidemo/framework/base/CComponent.php:130
Stack trace:
#0 /var/www/html/yiidemo/protected/models/LoginForm.php(82): CComponent->__get('identity')
#1 /var/www/html/yiidemo/protected/controllers/SiteController.php(96): LoginForm->login()
#2 /var/www/html/yiidemo/framework/web/actions/CInlineAction.php(49): SiteController->actionLogin()
#3 /var/www/html/yiidemo/framework/web/CController.php(308): CInlineAction->runWithParams(Array)
#4 /var/www/html/yiidemo/framework/web/CController.php(286): CController->runAction(Object(CInlineAction))
#5 /var/www/html/yiidemo/framework/web/CController.php(265): CController->runActionWithFilters(Object(CInlineAction), Array)
#6 /var/www/html/yiidemo/framework/web/CWebApplication.php(282): CController->run('login')
#7 /var/www/html/yiidemo/framework/web/CWebApplication.php(141): CWebApplication->runController('site/login')
#8 /var/www/html/yiidemo/framework/base/CApplication.php(185): CWebApplication->processRequest()
#9 /var/www/html/yiidemo/index.php(13): CApplication->run()
#10 {main}
REQUEST_URI=/yiidemo/index.php/site/login
HTTP_REFERER=http://localhost/yiidemo/index.php/site/login
---
2017/05/02 17:08:38 [error] [php] Object of class UserIdentity could not be converted to string (/var/www/html/yiidemo/protected/models/LoginForm.php:82)
Stack trace:
#0 /var/www/html/yiidemo/framework/web/CController.php(308): CInlineAction->runWithParams()
#1 /var/www/html/yiidemo/framework/web/CController.php(286): SiteController->runAction()
#2 /var/www/html/yiidemo/framework/web/CController.php(265): SiteController->runActionWithFilters()
#3 /var/www/html/yiidemo/framework/web/CWebApplication.php(282): SiteController->run()
#4 /var/www/html/yiidemo/framework/web/CWebApplication.php(141): CWebApplication->runController()
#5 /var/www/html/yiidemo/framework/base/CApplication.php(185): CWebApplication->processRequest()
#6 /var/www/html/yiidemo/index.php(13): CWebApplication->run()
REQUEST_URI=/yiidemo/index.php/site/login
in /var/www/html/yiidemo/protected/models/LoginForm.php (82)
in /var/www/html/yiidemo/protected/controllers/SiteController.php (96)
in /var/www/html/yiidemo/index.php (13)
2017/05/02 18:23:00 [error] [exception.CHttpException.403] exception 'CHttpException' with message 'You are not authorized to perform this action.' in /var/www/html/yiidemo/framework/web/auth/CAccessControlFilter.php:182
Stack trace:
#0 /var/www/html/yiidemo/framework/web/auth/CAccessControlFilter.php(145): CAccessControlFilter->accessDenied(Object(CWebUser), 'You are not aut...')
#1 /var/www/html/yiidemo/framework/web/filters/CFilter.php(38): CAccessControlFilter->preFilter(Object(CFilterChain))
#2 /var/www/html/yiidemo/framework/web/CController.php(1145): CFilter->filter(Object(CFilterChain))
#3 /var/www/html/yiidemo/framework/web/filters/CInlineFilter.php(58): CController->filterAccessControl(Object(CFilterChain))
#4 /var/www/html/yiidemo/framework/web/filters/CFilterChain.php(130): CInlineFilter->filter(Object(CFilterChain))
#5 /var/www/html/yiidemo/framework/web/CController.php(291): CFilterChain->run()
#6 /var/www/html/yiidemo/framework/web/CController.php(265): CController->runActionWithFilters(Object(CInlineAction), Array)
#7 /var/www/html/yiidemo/framework/web/CWebApplication.php(282): CController->run('admin')
#8 /var/www/html/yiidemo/framework/web/CWebApplication.php(141): CWebApplication->runController('post/admin')
#9 /var/www/html/yiidemo/framework/base/CApplication.php(185): CWebApplication->processRequest()
#10 /var/www/html/yiidemo/index.php(13): CApplication->run()
#11 {main}
REQUEST_URI=/yiidemo/index.php/post/admin
HTTP_REFERER=http://localhost/yiidemo/index.php/post/index
---
2017/05/02 18:23:12 [error] [exception.CHttpException.403] exception 'CHttpException' with message 'You are not authorized to perform this action.' in /var/www/html/yiidemo/framework/web/auth/CAccessControlFilter.php:182
Stack trace:
#0 /var/www/html/yiidemo/framework/web/auth/CAccessControlFilter.php(145): CAccessControlFilter->accessDenied(Object(CWebUser), 'You are not aut...')
#1 /var/www/html/yiidemo/framework/web/filters/CFilter.php(38): CAccessControlFilter->preFilter(Object(CFilterChain))
#2 /var/www/html/yiidemo/framework/web/CController.php(1145): CFilter->filter(Object(CFilterChain))
#3 /var/www/html/yiidemo/framework/web/filters/CInlineFilter.php(58): CController->filterAccessControl(Object(CFilterChain))
#4 /var/www/html/yiidemo/framework/web/filters/CFilterChain.php(130): CInlineFilter->filter(Object(CFilterChain))
#5 /var/www/html/yiidemo/framework/web/CController.php(291): CFilterChain->run()
#6 /var/www/html/yiidemo/framework/web/CController.php(265): CController->runActionWithFilters(Object(CInlineAction), Array)
#7 /var/www/html/yiidemo/framework/web/CWebApplication.php(282): CController->run('admin')
#8 /var/www/html/yiidemo/framework/web/CWebApplication.php(141): CWebApplication->runController('post/admin')
#9 /var/www/html/yiidemo/framework/base/CApplication.php(185): CWebApplication->processRequest()
#10 /var/www/html/yiidemo/index.php(13): CApplication->run()
#11 {main}
REQUEST_URI=/yiidemo/index.php/post/admin
HTTP_REFERER=http://localhost/yiidemo/index.php/post/index
---
2017/05/02 18:23:32 [error] [exception.CHttpException.403] exception 'CHttpException' with message 'You are not authorized to perform this action.' in /var/www/html/yiidemo/framework/web/auth/CAccessControlFilter.php:182
Stack trace:
#0 /var/www/html/yiidemo/framework/web/auth/CAccessControlFilter.php(145): CAccessControlFilter->accessDenied(Object(CWebUser), 'You are not aut...')
#1 /var/www/html/yiidemo/framework/web/filters/CFilter.php(38): CAccessControlFilter->preFilter(Object(CFilterChain))
#2 /var/www/html/yiidemo/framework/web/CController.php(1145): CFilter->filter(Object(CFilterChain))
#3 /var/www/html/yiidemo/framework/web/filters/CInlineFilter.php(58): CController->filterAccessControl(Object(CFilterChain))
#4 /var/www/html/yiidemo/framework/web/filters/CFilterChain.php(130): CInlineFilter->filter(Object(CFilterChain))
#5 /var/www/html/yiidemo/framework/web/CController.php(291): CFilterChain->run()
#6 /var/www/html/yiidemo/framework/web/CController.php(265): CController->runActionWithFilters(Object(CInlineAction), Array)
#7 /var/www/html/yiidemo/framework/web/CWebApplication.php(282): CController->run('admin')
#8 /var/www/html/yiidemo/framework/web/CWebApplication.php(141): CWebApplication->runController('post/admin')
#9 /var/www/html/yiidemo/framework/base/CApplication.php(185): CWebApplication->processRequest()
#10 /var/www/html/yiidemo/index.php(13): CApplication->run()
#11 {main}
REQUEST_URI=/yiidemo/index.php/post/admin
HTTP_REFERER=http://localhost/yiidemo/index.php/post/index
---
2017/05/02 18:23:52 [error] [exception.CHttpException.403] exception 'CHttpException' with message 'You are not authorized to perform this action.' in /var/www/html/yiidemo/framework/web/auth/CAccessControlFilter.php:182
Stack trace:
#0 /var/www/html/yiidemo/framework/web/auth/CAccessControlFilter.php(145): CAccessControlFilter->accessDenied(Object(CWebUser), 'You are not aut...')
#1 /var/www/html/yiidemo/framework/web/filters/CFilter.php(38): CAccessControlFilter->preFilter(Object(CFilterChain))
#2 /var/www/html/yiidemo/framework/web/CController.php(1145): CFilter->filter(Object(CFilterChain))
#3 /var/www/html/yiidemo/framework/web/filters/CInlineFilter.php(58): CController->filterAccessControl(Object(CFilterChain))
#4 /var/www/html/yiidemo/framework/web/filters/CFilterChain.php(130): CInlineFilter->filter(Object(CFilterChain))
#5 /var/www/html/yiidemo/framework/web/CController.php(291): CFilterChain->run()
#6 /var/www/html/yiidemo/framework/web/CController.php(265): CController->runActionWithFilters(Object(CInlineAction), Array)
#7 /var/www/html/yiidemo/framework/web/CWebApplication.php(282): CController->run('admin')
#8 /var/www/html/yiidemo/framework/web/CWebApplication.php(141): CWebApplication->runController('post/admin')
#9 /var/www/html/yiidemo/framework/base/CApplication.php(185): CWebApplication->processRequest()
#10 /var/www/html/yiidemo/index.php(13): CApplication->run()
#11 {main}
REQUEST_URI=/yiidemo/index.php/post/admin
HTTP_REFERER=http://localhost/yiidemo/index.php/post/index
---
2017/05/02 18:24:07 [error] [exception.CHttpException.403] exception 'CHttpException' with message 'You are not authorized to perform this action.' in /var/www/html/yiidemo/framework/web/auth/CAccessControlFilter.php:182
Stack trace:
#0 /var/www/html/yiidemo/framework/web/auth/CAccessControlFilter.php(145): CAccessControlFilter->accessDenied(Object(CWebUser), 'You are not aut...')
#1 /var/www/html/yiidemo/framework/web/filters/CFilter.php(38): CAccessControlFilter->preFilter(Object(CFilterChain))
#2 /var/www/html/yiidemo/framework/web/CController.php(1145): CFilter->filter(Object(CFilterChain))
#3 /var/www/html/yiidemo/framework/web/filters/CInlineFilter.php(58): CController->filterAccessControl(Object(CFilterChain))
#4 /var/www/html/yiidemo/framework/web/filters/CFilterChain.php(130): CInlineFilter->filter(Object(CFilterChain))
#5 /var/www/html/yiidemo/framework/web/CController.php(291): CFilterChain->run()
#6 /var/www/html/yiidemo/framework/web/CController.php(265): CController->runActionWithFilters(Object(CInlineAction), Array)
#7 /var/www/html/yiidemo/framework/web/CWebApplication.php(282): CController->run('admin')
#8 /var/www/html/yiidemo/framework/web/CWebApplication.php(141): CWebApplication->runController('post/admin')
#9 /var/www/html/yiidemo/framework/base/CApplication.php(185): CWebApplication->processRequest()
#10 /var/www/html/yiidemo/index.php(13): CApplication->run()
#11 {main}
REQUEST_URI=/yiidemo/index.php/post/admin
HTTP_REFERER=http://localhost/yiidemo/index.php/post/index
---
2017/05/02 18:31:12 [error] [exception.CHttpException.403] exception 'CHttpException' with message 'You are not authorized to perform this action.' in /var/www/html/yiidemo/framework/web/auth/CAccessControlFilter.php:182
Stack trace:
#0 /var/www/html/yiidemo/framework/web/auth/CAccessControlFilter.php(145): CAccessControlFilter->accessDenied(Object(CWebUser), 'You are not aut...')
#1 /var/www/html/yiidemo/framework/web/filters/CFilter.php(38): CAccessControlFilter->preFilter(Object(CFilterChain))
#2 /var/www/html/yiidemo/framework/web/CController.php(1145): CFilter->filter(Object(CFilterChain))
#3 /var/www/html/yiidemo/framework/web/filters/CInlineFilter.php(58): CController->filterAccessControl(Object(CFilterChain))
#4 /var/www/html/yiidemo/framework/web/filters/CFilterChain.php(130): CInlineFilter->filter(Object(CFilterChain))
#5 /var/www/html/yiidemo/framework/web/CController.php(291): CFilterChain->run()
#6 /var/www/html/yiidemo/framework/web/CController.php(265): CController->runActionWithFilters(Object(CInlineAction), Array)
#7 /var/www/html/yiidemo/framework/web/CWebApplication.php(282): CController->run('admin')
#8 /var/www/html/yiidemo/framework/web/CWebApplication.php(141): CWebApplication->runController('post/admin')
#9 /var/www/html/yiidemo/framework/base/CApplication.php(185): CWebApplication->processRequest()
#10 /var/www/html/yiidemo/index.php(13): CApplication->run()
#11 {main}
REQUEST_URI=/yiidemo/index.php/post/admin
HTTP_REFERER=http://localhost/yiidemo/index.php/post/index
---
2017/05/02 18:32:20 [error] [exception.CHttpException.403] exception 'CHttpException' with message 'You are not authorized to perform this action.' in /var/www/html/yiidemo/framework/web/auth/CAccessControlFilter.php:182
Stack trace:
#0 /var/www/html/yiidemo/framework/web/auth/CAccessControlFilter.php(145): CAccessControlFilter->accessDenied(Object(CWebUser), 'You are not aut...')
#1 /var/www/html/yiidemo/framework/web/filters/CFilter.php(38): CAccessControlFilter->preFilter(Object(CFilterChain))
#2 /var/www/html/yiidemo/framework/web/CController.php(1145): CFilter->filter(Object(CFilterChain))
#3 /var/www/html/yiidemo/framework/web/filters/CInlineFilter.php(58): CController->filterAccessControl(Object(CFilterChain))
#4 /var/www/html/yiidemo/framework/web/filters/CFilterChain.php(130): CInlineFilter->filter(Object(CFilterChain))
#5 /var/www/html/yiidemo/framework/web/CController.php(291): CFilterChain->run()
#6 /var/www/html/yiidemo/framework/web/CController.php(265): CController->runActionWithFilters(Object(CInlineAction), Array)
#7 /var/www/html/yiidemo/framework/web/CWebApplication.php(282): CController->run('admin')
#8 /var/www/html/yiidemo/framework/web/CWebApplication.php(141): CWebApplication->runController('post/admin')
#9 /var/www/html/yiidemo/framework/base/CApplication.php(185): CWebApplication->processRequest()
#10 /var/www/html/yiidemo/index.php(13): CApplication->run()
#11 {main}
REQUEST_URI=/yiidemo/index.php/post/admin
HTTP_REFERER=http://localhost/yiidemo/index.php/post/index
---
2017/05/02 18:33:06 [error] [exception.CHttpException.403] exception 'CHttpException' with message 'You are not authorized to perform this action.' in /var/www/html/yiidemo/framework/web/auth/CAccessControlFilter.php:182
Stack trace:
#0 /var/www/html/yiidemo/framework/web/auth/CAccessControlFilter.php(145): CAccessControlFilter->accessDenied(Object(CWebUser), 'You are not aut...')
#1 /var/www/html/yiidemo/framework/web/filters/CFilter.php(38): CAccessControlFilter->preFilter(Object(CFilterChain))
#2 /var/www/html/yiidemo/framework/web/CController.php(1145): CFilter->filter(Object(CFilterChain))
#3 /var/www/html/yiidemo/framework/web/filters/CInlineFilter.php(58): CController->filterAccessControl(Object(CFilterChain))
#4 /var/www/html/yiidemo/framework/web/filters/CFilterChain.php(130): CInlineFilter->filter(Object(CFilterChain))
#5 /var/www/html/yiidemo/framework/web/CController.php(291): CFilterChain->run()
#6 /var/www/html/yiidemo/framework/web/CController.php(265): CController->runActionWithFilters(Object(CInlineAction), Array)
#7 /var/www/html/yiidemo/framework/web/CWebApplication.php(282): CController->run('admin')
#8 /var/www/html/yiidemo/framework/web/CWebApplication.php(141): CWebApplication->runController('post/admin')
#9 /var/www/html/yiidemo/framework/base/CApplication.php(185): CWebApplication->processRequest()
#10 /var/www/html/yiidemo/index.php(13): CApplication->run()
#11 {main}
REQUEST_URI=/yiidemo/index.php/post/admin
HTTP_REFERER=http://localhost/yiidemo/index.php/post/index
---
2017/05/02 18:35:39 [error] [exception.CHttpException.403] exception 'CHttpException' with message 'You are not authorized to perform this action.' in /var/www/html/yiidemo/framework/web/auth/CAccessControlFilter.php:182
Stack trace:
#0 /var/www/html/yiidemo/framework/web/auth/CAccessControlFilter.php(145): CAccessControlFilter->accessDenied(Object(CWebUser), 'You are not aut...')
#1 /var/www/html/yiidemo/framework/web/filters/CFilter.php(38): CAccessControlFilter->preFilter(Object(CFilterChain))
#2 /var/www/html/yiidemo/framework/web/CController.php(1145): CFilter->filter(Object(CFilterChain))
#3 /var/www/html/yiidemo/framework/web/filters/CInlineFilter.php(58): CController->filterAccessControl(Object(CFilterChain))
#4 /var/www/html/yiidemo/framework/web/filters/CFilterChain.php(130): CInlineFilter->filter(Object(CFilterChain))
#5 /var/www/html/yiidemo/framework/web/CController.php(291): CFilterChain->run()
#6 /var/www/html/yiidemo/framework/web/CController.php(265): CController->runActionWithFilters(Object(CInlineAction), Array)
#7 /var/www/html/yiidemo/framework/web/CWebApplication.php(282): CController->run('admin')
#8 /var/www/html/yiidemo/framework/web/CWebApplication.php(141): CWebApplication->runController('post/admin')
#9 /var/www/html/yiidemo/framework/base/CApplication.php(185): CWebApplication->processRequest()
#10 /var/www/html/yiidemo/index.php(13): CApplication->run()
#11 {main}
REQUEST_URI=/yiidemo/index.php/post/admin
HTTP_REFERER=http://localhost/yiidemo/index.php/post/index
---
2017/05/02 18:35:44 [error] [exception.CHttpException.403] exception 'CHttpException' with message 'You are not authorized to perform this action.' in /var/www/html/yiidemo/framework/web/auth/CAccessControlFilter.php:182
Stack trace:
#0 /var/www/html/yiidemo/framework/web/auth/CAccessControlFilter.php(145): CAccessControlFilter->accessDenied(Object(CWebUser), 'You are not aut...')
#1 /var/www/html/yiidemo/framework/web/filters/CFilter.php(38): CAccessControlFilter->preFilter(Object(CFilterChain))
#2 /var/www/html/yiidemo/framework/web/CController.php(1145): CFilter->filter(Object(CFilterChain))
#3 /var/www/html/yiidemo/framework/web/filters/CInlineFilter.php(58): CController->filterAccessControl(Object(CFilterChain))
#4 /var/www/html/yiidemo/framework/web/filters/CFilterChain.php(130): CInlineFilter->filter(Object(CFilterChain))
#5 /var/www/html/yiidemo/framework/web/CController.php(291): CFilterChain->run()
#6 /var/www/html/yiidemo/framework/web/CController.php(265): CController->runActionWithFilters(Object(CInlineAction), Array)
#7 /var/www/html/yiidemo/framework/web/CWebApplication.php(282): CController->run('admin')
#8 /var/www/html/yiidemo/framework/web/CWebApplication.php(141): CWebApplication->runController('post/admin')
#9 /var/www/html/yiidemo/framework/base/CApplication.php(185): CWebApplication->processRequest()
#10 /var/www/html/yiidemo/index.php(13): CApplication->run()
#11 {main}
REQUEST_URI=/yiidemo/index.php/post/admin
HTTP_REFERER=http://localhost/yiidemo/index.php/post/index
---
2017/05/02 18:35:56 [error] [exception.CHttpException.403] exception 'CHttpException' with message 'You are not authorized to perform this action.' in /var/www/html/yiidemo/framework/web/auth/CAccessControlFilter.php:182
Stack trace:
#0 /var/www/html/yiidemo/framework/web/auth/CAccessControlFilter.php(145): CAccessControlFilter->accessDenied(Object(CWebUser), 'You are not aut...')
#1 /var/www/html/yiidemo/framework/web/filters/CFilter.php(38): CAccessControlFilter->preFilter(Object(CFilterChain))
#2 /var/www/html/yiidemo/framework/web/CController.php(1145): CFilter->filter(Object(CFilterChain))
#3 /var/www/html/yiidemo/framework/web/filters/CInlineFilter.php(58): CController->filterAccessControl(Object(CFilterChain))
#4 /var/www/html/yiidemo/framework/web/filters/CFilterChain.php(130): CInlineFilter->filter(Object(CFilterChain))
#5 /var/www/html/yiidemo/framework/web/CController.php(291): CFilterChain->run()
#6 /var/www/html/yiidemo/framework/web/CController.php(265): CController->runActionWithFilters(Object(CInlineAction), Array)
#7 /var/www/html/yiidemo/framework/web/CWebApplication.php(282): CController->run('admin')
#8 /var/www/html/yiidemo/framework/web/CWebApplication.php(141): CWebApplication->runController('post/admin')
#9 /var/www/html/yiidemo/framework/base/CApplication.php(185): CWebApplication->processRequest()
#10 /var/www/html/yiidemo/index.php(13): CApplication->run()
#11 {main}
REQUEST_URI=/yiidemo/index.php/post/admin
HTTP_REFERER=http://localhost/yiidemo/index.php/post/index
---
2017/05/02 18:36:51 [error] [exception.CHttpException.403] exception 'CHttpException' with message 'You are not authorized to perform this action.' in /var/www/html/yiidemo/framework/web/auth/CAccessControlFilter.php:182
Stack trace:
#0 /var/www/html/yiidemo/framework/web/auth/CAccessControlFilter.php(145): CAccessControlFilter->accessDenied(Object(CWebUser), 'You are not aut...')
#1 /var/www/html/yiidemo/framework/web/filters/CFilter.php(38): CAccessControlFilter->preFilter(Object(CFilterChain))
#2 /var/www/html/yiidemo/framework/web/CController.php(1145): CFilter->filter(Object(CFilterChain))
#3 /var/www/html/yiidemo/framework/web/filters/CInlineFilter.php(58): CController->filterAccessControl(Object(CFilterChain))
#4 /var/www/html/yiidemo/framework/web/filters/CFilterChain.php(130): CInlineFilter->filter(Object(CFilterChain))
#5 /var/www/html/yiidemo/framework/web/CController.php(291): CFilterChain->run()
#6 /var/www/html/yiidemo/framework/web/CController.php(265): CController->runActionWithFilters(Object(CInlineAction), Array)
#7 /var/www/html/yiidemo/framework/web/CWebApplication.php(282): CController->run('admin')
#8 /var/www/html/yiidemo/framework/web/CWebApplication.php(141): CWebApplication->runController('post/admin')
#9 /var/www/html/yiidemo/framework/base/CApplication.php(185): CWebApplication->processRequest()
#10 /var/www/html/yiidemo/index.php(13): CApplication->run()
#11 {main}
REQUEST_URI=/yiidemo/index.php/post/admin
HTTP_REFERER=http://localhost/yiidemo/index.php/post/index
---
2017/05/02 18:36:58 [error] [exception.CHttpException.403] exception 'CHttpException' with message 'You are not authorized to perform this action.' in /var/www/html/yiidemo/framework/web/auth/CAccessControlFilter.php:182
Stack trace:
#0 /var/www/html/yiidemo/framework/web/auth/CAccessControlFilter.php(145): CAccessControlFilter->accessDenied(Object(CWebUser), 'You are not aut...')
#1 /var/www/html/yiidemo/framework/web/filters/CFilter.php(38): CAccessControlFilter->preFilter(Object(CFilterChain))
#2 /var/www/html/yiidemo/framework/web/CController.php(1145): CFilter->filter(Object(CFilterChain))
#3 /var/www/html/yiidemo/framework/web/filters/CInlineFilter.php(58): CController->filterAccessControl(Object(CFilterChain))
#4 /var/www/html/yiidemo/framework/web/filters/CFilterChain.php(130): CInlineFilter->filter(Object(CFilterChain))
#5 /var/www/html/yiidemo/framework/web/CController.php(291): CFilterChain->run()
#6 /var/www/html/yiidemo/framework/web/CController.php(265): CController->runActionWithFilters(Object(CInlineAction), Array)
#7 /var/www/html/yiidemo/framework/web/CWebApplication.php(282): CController->run('admin')
#8 /var/www/html/yiidemo/framework/web/CWebApplication.php(141): CWebApplication->runController('post/admin')
#9 /var/www/html/yiidemo/framework/base/CApplication.php(185): CWebApplication->processRequest()
#10 /var/www/html/yiidemo/index.php(13): CApplication->run()
#11 {main}
REQUEST_URI=/yiidemo/index.php/post/admin
HTTP_REFERER=http://localhost/yiidemo/index.php/post/index
---
2017/05/03 10:41:46 [error] [exception.CException] exception 'CException' with message 'Property "CHttpRequest.homeUrl" is not defined.' in /var/www/html/yiidemo/framework/base/CComponent.php:130
Stack trace:
#0 /var/www/html/yiidemo/protected/views/layouts/main.php(2): CComponent->__get('homeUrl')
#1 /var/www/html/yiidemo/framework/web/CBaseController.php(126): require('/var/www/html/y...')
#2 /var/www/html/yiidemo/framework/web/CBaseController.php(95): CBaseController->renderInternal('/var/www/html/y...', Array, true)
#3 /var/www/html/yiidemo/framework/web/widgets/CContentDecorator.php(76): CBaseController->renderFile('/var/www/html/y...', Array, true)
#4 /var/www/html/yiidemo/framework/web/widgets/CContentDecorator.php(54): CContentDecorator->decorate('<div id="conten...')
#5 /var/www/html/yiidemo/framework/web/widgets/COutputProcessor.php(44): CContentDecorator->processOutput('<div id="conten...')
#6 /var/www/html/yiidemo/framework/web/CBaseController.php(214): COutputProcessor->run()
#7 /var/www/html/yiidemo/framework/web/CBaseController.php(308): CBaseController->endWidget('CContentDecorat...')
#8 /var/www/html/yiidemo/protected/views/layouts/column1.php(6): CBaseController->endContent()
#9 /var/www/html/yiidemo/framework/web/CBaseController.php(126): require('/var/www/html/y...')
#10 /var/www/html/yiidemo/framework/web/CBaseController.php(95): CBaseController->renderInternal('/var/www/html/y...', Array, true)
#11 /var/www/html/yiidemo/framework/web/CController.php(784): CBaseController->renderFile('/var/www/html/y...', Array, true)
#12 /var/www/html/yiidemo/protected/controllers/SiteController.php(139): CController->render('register', Array)
#13 /var/www/html/yiidemo/framework/web/actions/CInlineAction.php(49): SiteController->actionRegister()
#14 /var/www/html/yiidemo/framework/web/CController.php(308): CInlineAction->runWithParams(Array)
#15 /var/www/html/yiidemo/framework/web/CController.php(286): CController->runAction(Object(CInlineAction))
#16 /var/www/html/yiidemo/framework/web/CController.php(265): CController->runActionWithFilters(Object(CInlineAction), Array)
#17 /var/www/html/yiidemo/framework/web/CWebApplication.php(282): CController->run('register')
#18 /var/www/html/yiidemo/framework/web/CWebApplication.php(141): CWebApplication->runController('site/register')
#19 /var/www/html/yiidemo/framework/base/CApplication.php(185): CWebApplication->processRequest()
#20 /var/www/html/yiidemo/index.php(13): CApplication->run()
#21 {main}
REQUEST_URI=/yiidemo/index.php/site/register
HTTP_REFERER=http://localhost/yiidemo/index.php/site/page?view=about
---
2017/05/03 10:46:39 [error] [exception.CException] exception 'CException' with message 'Property "CHttpRequest.homeUrl" is not defined.' in /var/www/html/yiidemo/framework/base/CComponent.php:130
Stack trace:
#0 /var/www/html/yiidemo/protected/views/layouts/main.php(3): CComponent->__get('homeUrl')
#1 /var/www/html/yiidemo/framework/web/CBaseController.php(126): require('/var/www/html/y...')
#2 /var/www/html/yiidemo/framework/web/CBaseController.php(95): CBaseController->renderInternal('/var/www/html/y...', Array, true)
#3 /var/www/html/yiidemo/framework/web/widgets/CContentDecorator.php(76): CBaseController->renderFile('/var/www/html/y...', Array, true)
#4 /var/www/html/yiidemo/framework/web/widgets/CContentDecorator.php(54): CContentDecorator->decorate('<div id="conten...')
#5 /var/www/html/yiidemo/framework/web/widgets/COutputProcessor.php(44): CContentDecorator->processOutput('<div id="conten...')
#6 /var/www/html/yiidemo/framework/web/CBaseController.php(214): COutputProcessor->run()
#7 /var/www/html/yiidemo/framework/web/CBaseController.php(308): CBaseController->endWidget('CContentDecorat...')
#8 /var/www/html/yiidemo/protected/views/layouts/column1.php(6): CBaseController->endContent()
#9 /var/www/html/yiidemo/framework/web/CBaseController.php(126): require('/var/www/html/y...')
#10 /var/www/html/yiidemo/framework/web/CBaseController.php(95): CBaseController->renderInternal('/var/www/html/y...', Array, true)
#11 /var/www/html/yiidemo/framework/web/CController.php(784): CBaseController->renderFile('/var/www/html/y...', Array, true)
#12 /var/www/html/yiidemo/protected/controllers/SiteController.php(35): CController->render('index')
#13 /var/www/html/yiidemo/framework/web/actions/CInlineAction.php(49): SiteController->actionIndex()
#14 /var/www/html/yiidemo/framework/web/CController.php(308): CInlineAction->runWithParams(Array)
#15 /var/www/html/yiidemo/framework/web/CController.php(286): CController->runAction(Object(CInlineAction))
#16 /var/www/html/yiidemo/framework/web/CController.php(265): CController->runActionWithFilters(Object(CInlineAction), Array)
#17 /var/www/html/yiidemo/framework/web/CWebApplication.php(282): CController->run('')
#18 /var/www/html/yiidemo/framework/web/CWebApplication.php(141): CWebApplication->runController('')
#19 /var/www/html/yiidemo/framework/base/CApplication.php(185): CWebApplication->processRequest()
#20 /var/www/html/yiidemo/index.php(13): CApplication->run()
#21 {main}
REQUEST_URI=/yiidemo/index.php
HTTP_REFERER=http://localhost/yiidemo/index.php/site/login
---
